[2019-11-23 15:19:39] START
[2019-11-23 15:22:59] EDIT WikiPlurality/controllers/default.py: -1
[2019-11-23 15:25:46] EDIT WikiPlurality/views/default/index.html: -40
[2019-11-23 15:26:09] EDIT WikiPlurality/controllers/default.py: 0
[2019-11-23 15:28:04] EDIT WikiPlurality/views/default/index.html: 2
[2019-11-23 15:29:22] EDIT WikiPlurality/controllers/default.py: 2
[2019-11-23 15:29:51] CREATE queryresult.html: 0
[2019-11-23 15:31:11] EDIT WikiPlurality/views/queryresult.html: -1
[2019-11-23 15:32:12] CREATE default/queryresult.html: 0
[2019-11-23 15:32:18] DELETE WikiPlurality/views/queryresult.html: -2
[2019-11-23 15:32:28] EDIT WikiPlurality/views/default/queryresult.html: -1
[2019-11-23 15:33:22] EDIT WikiPlurality/views/default/queryresult.html: 0
[2019-11-23 15:34:43] EDIT WikiPlurality/controllers/default.py: 1
[2019-11-23 15:42:36] EDIT WikiPlurality/controllers/default.py: 1
[2019-11-23 15:47:06] EDIT WikiPlurality/controllers/default.py: 3
[2019-11-23 16:02:47] EDIT WikiPlurality/controllers/default.py: -1
[2019-11-23 16:03:22] EDIT WikiPlurality/controllers/default.py: 0
[2019-11-23 16:05:23] EDIT WikiPlurality/controllers/default.py: 1
[2019-11-23 16:06:59] EDIT WikiPlurality/controllers/default.py: 0
[2019-11-23 16:10:05] EDIT WikiPlurality/controllers/default.py: 3
[2019-11-23 16:14:50] EDIT WikiPlurality/controllers/default.py: 0
[2019-11-23 16:15:59] CREATE properties.py: 0
[2019-11-23 16:16:32] EDIT WikiPlurality/models/properties.py: 7
[2019-11-23 16:17:41] EDIT WikiPlurality/controllers/default.py: -3
[2019-11-23 16:19:16] EDIT WikiPlurality/models/properties.py: -2
[2019-11-23 16:24:38] EDIT WikiPlurality/views/default/index.html: 5
[2019-11-23 16:25:02] DELETE WikiPlurality/models/properties.py: -5
[2019-11-23 16:25:22] EDIT WikiPlurality/controllers/default.py: -1
[2019-11-23 16:27:20] EDIT WikiPlurality/views/default/index.html: 0
[2019-11-23 16:31:01] EDIT WikiPlurality/views/default/queryresult.html: 3
[2019-11-23 16:32:24] EDIT WikiPlurality/views/default/queryresult.html: 0
[2019-11-23 16:32:30] EDIT WikiPlurality/views/default/queryresult.html: 1
[2019-11-23 16:33:15] EDIT WikiPlurality/views/default/queryresult.html: 0
[2019-11-23 16:34:03] EDIT WikiPlurality/controllers/default.py: 3
[2019-11-23 16:34:09] EDIT WikiPlurality/controllers/default.py: 0
[2019-11-23 16:34:40] EDIT WikiPlurality/views/default/queryresult.html: -3
[2019-11-23 16:34:59] EDIT WikiPlurality/controllers/default.py: 0
[2019-11-23 16:35:32] EDIT WikiPlurality/controllers/default.py: 0
[2019-11-23 16:36:11] EDIT WikiPlurality/controllers/default.py: 0
[2019-11-23 16:36:40] EDIT WikiPlurality/controllers/default.py: 0
[2019-11-23 16:43:58] EDIT WikiPlurality/controllers/default.py: 3
[2019-11-23 16:46:03] EDIT WikiPlurality/controllers/default.py: 2
[2019-11-23 16:48:04] EDIT WikiPlurality/controllers/default.py: 1
[2019-11-23 16:51:26] EDIT WikiPlurality/controllers/default.py: 0
[2019-11-23 16:54:19] EDIT WikiPlurality/controllers/default.py: 0
[2019-11-23 16:58:52] EDIT WikiPlurality/controllers/default.py: 8
[2019-11-23 17:00:23] EDIT WikiPlurality/controllers/default.py: 0
[2019-11-23 17:01:11] EDIT WikiPlurality/views/default/queryresult.html: 0
[2019-11-23 17:02:32] EDIT WikiPlurality/controllers/default.py: 0
[2019-11-23 17:22:58] EDIT WikiPlurality/controllers/default.py: 0
[2019-11-23 17:24:12] EDIT WikiPlurality/controllers/default.py: 0
[2019-11-23 17:38:43] EDIT WikiPlurality/controllers/default.py: 0
[2019-11-23 17:39:32] EDIT WikiPlurality/controllers/default.py: 0
[2019-11-23 17:48:00] EDIT WikiPlurality/controllers/default.py: 0
[2019-11-23 17:51:02] EDIT WikiPlurality/controllers/default.py: 0
[2019-11-23 17:51:42] EDIT WikiPlurality/controllers/default.py: 0
[2019-11-23 18:11:56] EDIT WikiPlurality/controllers/default.py: 7
[2019-11-23 18:12:22] EDIT WikiPlurality/views/default/queryresult.html: 0
[2019-11-23 18:12:49] EDIT WikiPlurality/views/default/queryresult.html: 0
[2019-11-23 18:14:01] EDIT WikiPlurality/controllers/default.py: -1
[2019-11-23 18:17:23] EDIT WikiPlurality/views/default/queryresult.html: 1
[2019-11-23 18:17:31] EDIT WikiPlurality/views/default/queryresult.html: 0
[2019-11-23 18:48:42] EDIT WikiPlurality/controllers/default.py: 8
[2019-11-23 18:51:06] EDIT WikiPlurality/controllers/default.py: 5
[2019-11-23 18:52:34] EDIT WikiPlurality/controllers/default.py: 8
[2019-11-23 18:57:41] EDIT WikiPlurality/views/default/queryresult.html: 31
[2019-11-24 00:40:20] EDIT WikiPlurality/views/default/queryresult.html: -1
[2019-11-24 00:41:22] EDIT WikiPlurality/views/default/queryresult.html: -1
[2019-11-24 00:44:08] EDIT WikiPlurality/views/default/queryresult.html: -29
[2019-11-24 00:45:38] EDIT WikiPlurality/views/default/queryresult.html: 0
[2019-11-24 00:47:15] EDIT WikiPlurality/views/default/queryresult.html: 0
[2019-11-24 00:50:04] EDIT WikiPlurality/views/default/queryresult.html: 0
[2019-11-24 00:54:22] EDIT WikiPlurality/views/default/queryresult.html: 3
[2019-11-24 00:56:35] EDIT WikiPlurality/views/default/queryresult.html: 0
[2019-11-24 00:58:47] EDIT WikiPlurality/views/default/queryresult.html: 0
[2019-11-24 01:00:23] EDIT WikiPlurality/views/default/queryresult.html: 0
[2019-11-24 01:01:57] EDIT WikiPlurality/views/default/queryresult.html: -1
[2019-11-24 01:02:34] EDIT WikiPlurality/views/default/queryresult.html: 0
[2019-11-24 01:04:58] EDIT WikiPlurality/views/default/queryresult.html: 0
[2019-11-24 01:05:34] EDIT WikiPlurality/views/default/queryresult.html: 0
[2019-11-24 01:07:00] EDIT WikiPlurality/controllers/default.py: -15
[2019-11-24 01:08:11] EDIT WikiPlurality/controllers/default.py: -19
[2019-11-24 09:08:08] EDIT WikiPlurality/views/default/index.html: 0
[2019-11-24 09:09:04] EDIT WikiPlurality/controllers/default.py: 0
[2019-11-24 09:10:52] EDIT WikiPlurality/views/default/queryresult.html: 0
[2019-11-24 09:11:35] EDIT WikiPlurality/controllers/default.py: 0
[2019-11-24 09:12:05] EDIT WikiPlurality/controllers/default.py: -1
[2019-11-24 09:12:46] EDIT WikiPlurality/controllers/default.py: -34
[2019-11-24 09:20:41] EDIT WikiPlurality/private/appconfig.ini: 0
[2019-11-24 09:21:24] EDIT WikiPlurality/views/default/index.html: 0
[2019-11-24 09:22:25] EDIT WikiPlurality/controllers/default.py: 1
[2019-11-24 09:22:44] EDIT WikiPlurality/controllers/default.py: 0
[2019-11-24 09:23:15] EDIT WikiPlurality/views/default/index.html: 0
[2019-11-24 09:28:37] EDIT WikiPlurality/views/default/queryresult.html: 0
[2019-11-24 09:28:37] EDIT WikiPlurality/views/default/queryresult.html: 0
[2019-11-24 09:30:43] EDIT WikiPlurality/views/default/queryresult.html: 0
[2019-11-24 09:31:36] EDIT WikiPlurality/views/default/queryresult.html: 0
[2019-11-24 09:39:22] EDIT WikiPlurality/models/menu.py: -92
[2019-11-24 09:44:18] EDIT WikiPlurality/ABOUT: -1
[2019-11-24 09:44:39] EDIT WikiPlurality/LICENSE: -2
[2019-11-24 11:07:25] EDIT WikiPlurality/views/default/queryresult.html: 33
[2019-11-24 11:07:39] EDIT WikiPlurality/views/default/queryresult.html: 0
[2019-11-24 11:07:51] EDIT WikiPlurality/views/default/queryresult.html: 0
[2019-11-24 11:10:06] EDIT WikiPlurality/views/default/queryresult.html: -1
[2019-11-24 11:10:42] EDIT WikiPlurality/views/default/queryresult.html: 0
[2019-11-24 11:11:02] EDIT WikiPlurality/views/default/queryresult.html: 0
[2019-11-24 11:12:22] EDIT WikiPlurality/views/default/queryresult.html: -7
[2019-11-24 11:14:53] EDIT WikiPlurality/controllers/default.py: 1
[2019-11-24 11:15:47] EDIT WikiPlurality/views/default/queryresult.html: 1
[2019-11-24 11:16:34] EDIT WikiPlurality/controllers/default.py: 0
[2019-11-24 11:17:12] EDIT WikiPlurality/views/default/queryresult.html: 0
[2019-11-24 11:18:17] EDIT WikiPlurality/views/default/queryresult.html: 0
[2019-11-24 11:19:20] EDIT WikiPlurality/views/default/queryresult.html: 0
[2019-11-24 11:21:05] EDIT WikiPlurality/views/default/queryresult.html: 6
[2019-11-24 11:25:41] EDIT WikiPlurality/controllers/default.py: 7
[2019-11-24 11:26:56] EDIT WikiPlurality/controllers/default.py: -6
[2019-11-24 11:28:45] EDIT WikiPlurality/views/default/index.html: 6
[2019-11-24 11:29:36] EDIT WikiPlurality/controllers/default.py: 0
[2019-11-24 11:31:11] EDIT WikiPlurality/views/default/queryresult.html: 0
[2019-11-24 11:31:46] EDIT WikiPlurality/views/default/queryresult.html: 0
